----------------------------------------------------------------------------------------------------
------------------------------------ MegaLinter, by OX Security ------------------------------------
----------------------------------------------------------------------------------------------------
 - Image Creation Date: 2023-02-05T11:57:24Z
 - Image Revision: f8d535e
 - Image Version: v6.19.0
----------------------------------------------------------------------------------------------------
The MegaLinter documentation can be found at:
 - https://megalinter.io/6.19.0
----------------------------------------------------------------------------------------------------
::group::MegaLinter initialization (expand for details)
GITHUB_REPOSITORY: dwaned/max-profit-calculator
GITHUB_REF: refs/pull/6/merge
GITHUB_RUN_ID: 4277023871


[Activation] EDITORCONFIG_EDITORCONFIG_CHECKER has been set inactive, as none of these files has been found: ['.editorconfig']
[Activation] JAVASCRIPT_ES has been set inactive, as none of these files has been found: ['.eslintrc.json', '.eslintrc.yml', '.eslintrc.yaml', '.eslintrc.js', '.eslintrc.cjs', 'package.json:eslintConfig']
[Activation] JSON_NPM_PACKAGE_JSON_LINT has been set inactive, as none of these files has been found: ['package.json']
[Activation] JSX_ESLINT has been set inactive, as none of these files has been found: ['.eslintrc.json', '.eslintrc.yml', '.eslintrc.yaml', '.eslintrc.js', '.eslintrc.cjs', 'package.json:eslintConfig']
[Activation] REPOSITORY_GOODCHECK has been set inactive, as none of these files has been found: ['goodcheck.yml']
[SemgrepLinter] Deactivated because no ruleset has been defined
[Activation] SQL_SQLFLUFF has been set inactive, as none of these files has been found: ['.sqlfluff']
[Activation] SWIFT_SWIFTLINT has been set inactive, as none of these files has been found: ['.swiftlint.yml']
[Activation] TSX_ESLINT has been set inactive, as none of these files has been found: ['.eslintrc.json', '.eslintrc.yml', '.eslintrc.yaml', '.eslintrc.js', '.eslintrc.cjs', 'package.json:eslintConfig']
[Activation] TYPESCRIPT_ES has been set inactive, as none of these files has been found: ['.eslintrc.json', '.eslintrc.yml', '.eslintrc.yaml', '.eslintrc.js', '.eslintrc.cjs', 'package.json:eslintConfig']
MARKDOWN_REMARK_LINT has been temporary disabled in MegaLinter, please use a previous MegaLinter version or wait for the next one !
Skipped linters: ANSIBLE_ANSIBLE_LINT, COPYPASTE_JSCPD, EDITORCONFIG_EDITORCONFIG_CHECKER, JAVASCRIPT_ES, JAVASCRIPT_PRETTIER, JAVA_PMD, JSON_NPM_PACKAGE_JSON_LINT, JSX_ESLINT, KUBERNETES_KUBECONFORM, KUBERNETES_KUBEVAL, MARKDOWN_REMARK_LINT, REPOSITORY_GOODCHECK, REPOSITORY_SEMGREP, REPOSITORY_TRIVY, SALESFORCE_SFDX_SCANNER_APEX, SALESFORCE_SFDX_SCANNER_AURA, SALESFORCE_SFDX_SCANNER_LWC, SPELL_CSPELL, SPELL_MISSPELL, SPELL_PROSELINT, SQL_SQLFLUFF, SWIFT_SWIFTLINT, TSX_ESLINT, TYPESCRIPT_ES, TYPESCRIPT_PRETTIER
To receive reports as email, please set variable EMAIL_REPORTER_EMAIL
::endgroup::
::group::MegaLinter now collects the files to analyse (expand for details)
Listing updated files in [/github/workspace] using git diff.
Modified files:
.github/workflows/maven.yml
megalinter-reports/IDE-config.txt
megalinter-reports/IDE-config/.vscode/extensions.json
megalinter-reports/megalinter.log
megalinter-reports/updated_sources/.github/workflows/maven.yml
megalinter-reports/updated_sources/megalinter-reports/IDE-config.txt
megalinter-reports/updated_sources/megalinter-reports/IDE-config/.vscode/extensions.json
megalinter-reports/updated_sources/megalinter-reports/megalinter.log
megalinter-reports/updated_sources/megalinter-reports/updated_sources/megalinter-reports/IDE-config/.vscode/extensions.json
pom.xml
- File extensions: , .R, .RMD, .Rmd, .bash, .bicep, .c, .c++, .cc, .cdxml, .clj, .cljc, .cljs, .coffee, .cpp, .cs, .css, .cu, .cuh, .cxx, .dart, .dash, .edn, .env, .feature, .go, .gradle, .graphql, .groovy, .gvy, .h, .h++, .hcl, .hh, .hpp, .htm, .html, .hxx, .java, .js, .json, .json5, .jsonc, .ksh, .kt, .kts, .lua, .md, .nf, .p6, .php, .pl, .pl6, .pm, .pm6, .pp, .proto, .ps1, .ps1xml, .psd1, .psm1, .psrc, .pssc, .py, .r, .raku, .rakumod, .rakutest, .rb, .rs, .rst, .saas, .scala, .scss, .sh, .smk, .sql, .t, .tex, .tf, .ts, .vb, .xml, .yaml, .yml
- File names (regex): Dockerfile, Jenkinsfile, Makefile, Snakefile
- Excluding .gitignored files [0]: 
Kept [6] files on [10] found files

+----MATCHING LINTERS--------------+---------------------+----------------+------------+
| Descriptor | Linter              | Criteria            | Matching files | Format/Fix |
+------------+---------------------+---------------------+----------------+------------+
| ACTION     | actionlint          | .yml|.yaml          | 1              | no         |
| JSON       | jsonlint            | .json               | 3              | no         |
| JSON       | eslint-plugin-jsonc | .json|.json5|.jsonc | 3              | yes        |
| JSON       | v8r                 | .json               | 3              | no         |
| JSON       | prettier            | .json               | 3              | yes        |
| REPOSITORY | checkov             |                     | project        | no         |
| REPOSITORY | devskim             |                     | project        | no         |
| REPOSITORY | dustilock           |                     | project        | no         |
| REPOSITORY | git_diff            |                     | project        | no         |
| REPOSITORY | gitleaks            |                     | project        | no         |
| REPOSITORY | secretlint          |                     | project        | no         |
| REPOSITORY | syft                |                     | project        | no         |
| XML        | xmllint             | .xml                | 1              | yes        |
| YAML       | prettier            | .yml|.yaml          | 2              | yes        |
| YAML       | yamllint            | .yml|.yaml          | 2              | no         |
| YAML       | v8r                 | .yml|.yaml          | 2              | no         |
+------------+---------------------+---------------------+----------------+------------+
::endgroup::
::group::[32m✅ Linted [XML] files with [xmllint] successfully - (0.02s)[0m (expand for details)
- Using [xmllint v20914] https://megalinter.io/6.19.0/descriptors/xml_xmllint
- MegaLinter key: [XML_XMLLINT]
- Rules config: identified by [xmllint]
- Number of files analyzed: [1]
::endgroup::
::group::[32m✅ Linted [YAML] files with [prettier] successfully - (0.61s)[0m (expand for details)
- Using [prettier v2.8.3] https://megalinter.io/6.19.0/descriptors/yaml_prettier
- MegaLinter key: [YAML_PRETTIER]
- Rules config: identified by [prettier]
- Number of files analyzed: [2]
::endgroup::
::group::[32m✅ Linted [JSON] files with [v8r] successfully - (2.16s)[0m (expand for details)
- Using [v8r v0.14.0] https://megalinter.io/6.19.0/descriptors/json_v8r
- MegaLinter key: [JSON_V8R]
- Rules config: identified by [v8r]
- Number of files analyzed: [3]
::endgroup::
::group::[32m✅ Linted [REPOSITORY] files with [devskim] successfully - (0.72s)[0m (expand for details)
- Using [devskim v0.7.104] https://megalinter.io/6.19.0/descriptors/repository_devskim
- MegaLinter key: [REPOSITORY_DEVSKIM]
- Rules config: identified by [devskim]
::endgroup::
::group::[32m✅ Linted [JSON] files with [eslint-plugin-jsonc] successfully - (1.08s)[0m (expand for details)
- Using [eslint-plugin-jsonc v2.6.0] https://megalinter.io/6.19.0/descriptors/json_eslint_plugin_jsonc
- MegaLinter key: [JSON_ESLINT_PLUGIN_JSONC]
- Rules config: [.eslintrc-json.json]
- Number of files analyzed: [3]
::endgroup::
::group::[32m✅ Linted [REPOSITORY] files with [gitleaks] successfully - (0.19s)[0m (expand for details)
- Using [gitleaks v8.15.3] https://megalinter.io/6.19.0/descriptors/repository_gitleaks
- MegaLinter key: [REPOSITORY_GITLEAKS]
- Rules config: [.gitleaks.toml]
::endgroup::
::group::[32m✅ Linted [JSON] files with [prettier] successfully - (0.44s)[0m (expand for details)
- Using [prettier v2.8.3] https://megalinter.io/6.19.0/descriptors/json_prettier
- MegaLinter key: [JSON_PRETTIER]
- Rules config: identified by [prettier]
- Number of files analyzed: [3]
::endgroup::
::group::[32m✅ Linted [YAML] files with [v8r] successfully - (2.01s)[0m (expand for details)
- Using [v8r v0.14.0] https://megalinter.io/6.19.0/descriptors/yaml_v8r
- MegaLinter key: [YAML_V8R]
- Rules config: identified by [v8r]
- Number of files analyzed: [2]
::endgroup::
::group::[32m✅ Linted [ACTION] files with [actionlint] successfully - (0.03s)[0m (expand for details)
- Using [actionlint v1.6.23] https://megalinter.io/6.19.0/descriptors/action_actionlint
- MegaLinter key: [ACTION_ACTIONLINT]
- Rules config: identified by [actionlint]
- Number of files analyzed: [1]
::endgroup::
::group::[32m✅ Linted [JSON] files with [jsonlint] successfully - (0.21s)[0m (expand for details)
- Using [jsonlint v11.7.0] https://megalinter.io/6.19.0/descriptors/json_jsonlint
- MegaLinter key: [JSON_JSONLINT]
- Rules config: identified by [jsonlint]
- Number of files analyzed: [3]
::endgroup::
::group::[32m✅ Linted [REPOSITORY] files with [dustilock] successfully - (0.0s)[0m (expand for details)
- Using [dustilock v0.0.0] https://megalinter.io/6.19.0/descriptors/repository_dustilock
- MegaLinter key: [REPOSITORY_DUSTILOCK]
- Rules config: identified by [dustilock]
::endgroup::
::group::[32m✅ Linted [REPOSITORY] files with [secretlint] successfully - (0.68s)[0m (expand for details)
- Using [secretlint v6.2.0] https://megalinter.io/6.19.0/descriptors/repository_secretlint
- MegaLinter key: [REPOSITORY_SECRETLINT]
- Rules config: [.secretlintrc.json]
- Ignore file: [.secretlintignore]
::endgroup::
::group::[32m✅ Linted [REPOSITORY] files with [syft] successfully - (0.42s)[0m (expand for details)
- Using [syft v0.70.0] https://megalinter.io/6.19.0/descriptors/repository_syft
- MegaLinter key: [REPOSITORY_SYFT]
- Rules config: identified by [syft]
::endgroup::
::group::[32m✅ Linted [YAML] files with [yamllint] successfully - (0.24s)[0m (expand for details)
- Using [yamllint v1.29.0] https://megalinter.io/6.19.0/descriptors/yaml_yamllint
- MegaLinter key: [YAML_YAMLLINT]
- Rules config: [.yamllint.yml]
- Number of files analyzed: [2]
::endgroup::
::group::[32m✅ Linted [REPOSITORY] files with [git_diff] successfully - (0.01s)[0m (expand for details)
- Using [git_diff v2.36.4] https://megalinter.io/6.19.0/descriptors/repository_git_diff
- MegaLinter key: [REPOSITORY_GIT_DIFF]
- Rules config: identified by [git_diff]
::endgroup::
::group::[32m✅ Linted [REPOSITORY] files with [checkov] successfully - (7.89s)[0m (expand for details)
- Using [checkov v2.1.244] https://megalinter.io/6.19.0/descriptors/repository_checkov
- MegaLinter key: [REPOSITORY_CHECKOV]
- Rules config: [.checkov.yml]
::endgroup::

+----SUMMARY----+---------------------+---------------+-------+-------+--------+--------------+
| Descriptor    | Linter              | Mode          | Files | Fixed | Errors | Elapsed time |
+---------------+---------------------+---------------+-------+-------+--------+--------------+
| ✅ ACTION     | actionlint          | list_of_files |     1 |       |      0 |        0.03s |
| ✅ JSON       | eslint-plugin-jsonc | list_of_files |     3 |     0 |      0 |        1.08s |
| ✅ JSON       | jsonlint            | list_of_files |     3 |       |      0 |        0.21s |
| ✅ JSON       | prettier            | list_of_files |     3 |     3 |      0 |        0.44s |
| ✅ JSON       | v8r                 | list_of_files |     3 |       |      0 |        2.16s |
| ✅ REPOSITORY | checkov             | project       |   n/a |       |      0 |        7.89s |
| ✅ REPOSITORY | devskim             | project       |   n/a |       |      0 |        0.72s |
| ✅ REPOSITORY | dustilock           | project       |   n/a |       |      0 |         0.0s |
| ✅ REPOSITORY | gitleaks            | project       |   n/a |       |      0 |        0.19s |
| ✅ REPOSITORY | git_diff            | project       |   n/a |       |      0 |        0.01s |
| ✅ REPOSITORY | secretlint          | project       |   n/a |       |      0 |        0.68s |
| ✅ REPOSITORY | syft                | project       |   n/a |       |      0 |        0.42s |
| ✅ XML        | xmllint             | list_of_files |     1 |     0 |      0 |        0.02s |
| ✅ YAML       | prettier            | list_of_files |     2 |     0 |      0 |        0.61s |
| ✅ YAML       | v8r                 | list_of_files |     2 |       |      0 |        2.01s |
| ✅ YAML       | yamllint            | list_of_files |     2 |       |      0 |        0.24s |
+---------------+---------------------+---------------+-------+-------+--------+--------------+

[GitHub Comment Reporter] Posted summary as comment on dwaned/max-profit-calculator #PR6
