----------------------------------------------------------------------------------------------------
------------------------------------ MegaLinter, by OX Security ------------------------------------
----------------------------------------------------------------------------------------------------
 - Image Creation Date: 2023-02-05T11:57:24Z
 - Image Revision: f8d535e
 - Image Version: v6.19.0
----------------------------------------------------------------------------------------------------
The MegaLinter documentation can be found at:
 - https://megalinter.io/6.19.0
----------------------------------------------------------------------------------------------------
::group::MegaLinter initialization (expand for details)
GITHUB_REPOSITORY: dwaned/max-profit-calculator
GITHUB_REF: refs/pull/6/merge
GITHUB_RUN_ID: 4277005574


[Activation] EDITORCONFIG_EDITORCONFIG_CHECKER has been set inactive, as none of these files has been found: ['.editorconfig']
[Activation] JAVASCRIPT_ES has been set inactive, as none of these files has been found: ['.eslintrc.json', '.eslintrc.yml', '.eslintrc.yaml', '.eslintrc.js', '.eslintrc.cjs', 'package.json:eslintConfig']
[Activation] JSON_NPM_PACKAGE_JSON_LINT has been set inactive, as none of these files has been found: ['package.json']
[Activation] JSX_ESLINT has been set inactive, as none of these files has been found: ['.eslintrc.json', '.eslintrc.yml', '.eslintrc.yaml', '.eslintrc.js', '.eslintrc.cjs', 'package.json:eslintConfig']
[Activation] REPOSITORY_GOODCHECK has been set inactive, as none of these files has been found: ['goodcheck.yml']
[SemgrepLinter] Deactivated because no ruleset has been defined
[Activation] SQL_SQLFLUFF has been set inactive, as none of these files has been found: ['.sqlfluff']
[Activation] SWIFT_SWIFTLINT has been set inactive, as none of these files has been found: ['.swiftlint.yml']
[Activation] TSX_ESLINT has been set inactive, as none of these files has been found: ['.eslintrc.json', '.eslintrc.yml', '.eslintrc.yaml', '.eslintrc.js', '.eslintrc.cjs', 'package.json:eslintConfig']
[Activation] TYPESCRIPT_ES has been set inactive, as none of these files has been found: ['.eslintrc.json', '.eslintrc.yml', '.eslintrc.yaml', '.eslintrc.js', '.eslintrc.cjs', 'package.json:eslintConfig']
MARKDOWN_REMARK_LINT has been temporary disabled in MegaLinter, please use a previous MegaLinter version or wait for the next one !
Skipped linters: ANSIBLE_ANSIBLE_LINT, COPYPASTE_JSCPD, EDITORCONFIG_EDITORCONFIG_CHECKER, JAVASCRIPT_ES, JAVASCRIPT_PRETTIER, JAVA_PMD, JSON_NPM_PACKAGE_JSON_LINT, JSX_ESLINT, KUBERNETES_KUBECONFORM, KUBERNETES_KUBEVAL, MARKDOWN_REMARK_LINT, REPOSITORY_GOODCHECK, REPOSITORY_SEMGREP, REPOSITORY_TRIVY, SALESFORCE_SFDX_SCANNER_APEX, SALESFORCE_SFDX_SCANNER_AURA, SALESFORCE_SFDX_SCANNER_LWC, SPELL_CSPELL, SPELL_MISSPELL, SPELL_PROSELINT, SQL_SQLFLUFF, SWIFT_SWIFTLINT, TSX_ESLINT, TYPESCRIPT_ES, TYPESCRIPT_PRETTIER
To receive reports as email, please set variable EMAIL_REPORTER_EMAIL
::endgroup::
::group::MegaLinter now collects the files to analyse (expand for details)
Listing updated files in [/github/workspace] using git diff.
Modified files:
.github/workflows/maven.yml
megalinter-reports/megalinter.log
pom.xml
- File extensions: , .R, .RMD, .Rmd, .bash, .bicep, .c, .c++, .cc, .cdxml, .clj, .cljc, .cljs, .coffee, .cpp, .cs, .css, .cu, .cuh, .cxx, .dart, .dash, .edn, .env, .feature, .go, .gradle, .graphql, .groovy, .gvy, .h, .h++, .hcl, .hh, .hpp, .htm, .html, .hxx, .java, .js, .json, .json5, .jsonc, .ksh, .kt, .kts, .lua, .md, .nf, .p6, .php, .pl, .pl6, .pm, .pm6, .pp, .proto, .ps1, .ps1xml, .psd1, .psm1, .psrc, .pssc, .py, .r, .raku, .rakumod, .rakutest, .rb, .rs, .rst, .saas, .scala, .scss, .sh, .smk, .sql, .t, .tex, .tf, .ts, .vb, .xml, .yaml, .yml
- File names (regex): Dockerfile, Jenkinsfile, Makefile, Snakefile
- Excluding .gitignored files [0]: 
Kept [2] files on [3] found files

+----MATCHING LINTERS-----+------------+----------------+------------+
| Descriptor | Linter     | Criteria   | Matching files | Format/Fix |
+------------+------------+------------+----------------+------------+
| ACTION     | actionlint | .yml|.yaml | 1              | no         |
| REPOSITORY | checkov    |            | project        | no         |
| REPOSITORY | devskim    |            | project        | no         |
| REPOSITORY | dustilock  |            | project        | no         |
| REPOSITORY | git_diff   |            | project        | no         |
| REPOSITORY | gitleaks   |            | project        | no         |
| REPOSITORY | secretlint |            | project        | no         |
| REPOSITORY | syft       |            | project        | no         |
| XML        | xmllint    | .xml       | 1              | yes        |
| YAML       | prettier   | .yml|.yaml | 1              | yes        |
| YAML       | yamllint   | .yml|.yaml | 1              | no         |
| YAML       | v8r        | .yml|.yaml | 1              | no         |
+------------+------------+------------+----------------+------------+
::endgroup::
::group::[32m✅ Linted [XML] files with [xmllint] successfully - (0.02s)[0m (expand for details)
- Using [xmllint v20914] https://megalinter.io/6.19.0/descriptors/xml_xmllint
- MegaLinter key: [XML_XMLLINT]
- Rules config: identified by [xmllint]
- Number of files analyzed: [1]
::endgroup::
::group::[32m✅ Linted [REPOSITORY] files with [devskim] successfully - (0.66s)[0m (expand for details)
- Using [devskim v0.7.104] https://megalinter.io/6.19.0/descriptors/repository_devskim
- MegaLinter key: [REPOSITORY_DEVSKIM]
- Rules config: identified by [devskim]
::endgroup::
::group::[32m✅ Linted [YAML] files with [prettier] successfully - (0.54s)[0m (expand for details)
- Using [prettier v2.8.3] https://megalinter.io/6.19.0/descriptors/yaml_prettier
- MegaLinter key: [YAML_PRETTIER]
- Rules config: identified by [prettier]
- Number of files analyzed: [1]
::endgroup::
::group::[32m✅ Linted [REPOSITORY] files with [gitleaks] successfully - (0.18s)[0m (expand for details)
- Using [gitleaks v8.15.3] https://megalinter.io/6.19.0/descriptors/repository_gitleaks
- MegaLinter key: [REPOSITORY_GITLEAKS]
- Rules config: [.gitleaks.toml]
::endgroup::
::group::[32m✅ Linted [YAML] files with [v8r] successfully - (1.92s)[0m (expand for details)
- Using [v8r v0.14.0] https://megalinter.io/6.19.0/descriptors/yaml_v8r
- MegaLinter key: [YAML_V8R]
- Rules config: identified by [v8r]
- Number of files analyzed: [1]
::endgroup::
::group::[32m✅ Linted [ACTION] files with [actionlint] successfully - (0.04s)[0m (expand for details)
- Using [actionlint v1.6.23] https://megalinter.io/6.19.0/descriptors/action_actionlint
- MegaLinter key: [ACTION_ACTIONLINT]
- Rules config: identified by [actionlint]
- Number of files analyzed: [1]
::endgroup::
::group::[32m✅ Linted [REPOSITORY] files with [dustilock] successfully - (0.01s)[0m (expand for details)
- Using [dustilock v0.0.0] https://megalinter.io/6.19.0/descriptors/repository_dustilock
- MegaLinter key: [REPOSITORY_DUSTILOCK]
- Rules config: identified by [dustilock]
::endgroup::
::group::[32m✅ Linted [REPOSITORY] files with [secretlint] successfully - (0.74s)[0m (expand for details)
- Using [secretlint v6.2.0] https://megalinter.io/6.19.0/descriptors/repository_secretlint
- MegaLinter key: [REPOSITORY_SECRETLINT]
- Rules config: [.secretlintrc.json]
- Ignore file: [.secretlintignore]
::endgroup::
::group::[32m✅ Linted [REPOSITORY] files with [syft] successfully - (0.48s)[0m (expand for details)
- Using [syft v0.70.0] https://megalinter.io/6.19.0/descriptors/repository_syft
- MegaLinter key: [REPOSITORY_SYFT]
- Rules config: identified by [syft]
::endgroup::
::group::[32m✅ Linted [YAML] files with [yamllint] successfully - (0.22s)[0m (expand for details)
- Using [yamllint v1.29.0] https://megalinter.io/6.19.0/descriptors/yaml_yamllint
- MegaLinter key: [YAML_YAMLLINT]
- Rules config: [.yamllint.yml]
- Number of files analyzed: [1]
::endgroup::
::group::[32m✅ Linted [REPOSITORY] files with [git_diff] successfully - (0.0s)[0m (expand for details)
- Using [git_diff v2.36.4] https://megalinter.io/6.19.0/descriptors/repository_git_diff
- MegaLinter key: [REPOSITORY_GIT_DIFF]
- Rules config: identified by [git_diff]
::endgroup::
::group::[32m✅ Linted [REPOSITORY] files with [checkov] successfully - (7.91s)[0m (expand for details)
- Using [checkov v2.1.244] https://megalinter.io/6.19.0/descriptors/repository_checkov
- MegaLinter key: [REPOSITORY_CHECKOV]
- Rules config: [.checkov.yml]
::endgroup::

+----SUMMARY----+------------+---------------+-------+-------+--------+--------------+
| Descriptor    | Linter     | Mode          | Files | Fixed | Errors | Elapsed time |
+---------------+------------+---------------+-------+-------+--------+--------------+
| ✅ ACTION     | actionlint | list_of_files |     1 |       |      0 |        0.04s |
| ✅ REPOSITORY | checkov    | project       |   n/a |       |      0 |        7.91s |
| ✅ REPOSITORY | devskim    | project       |   n/a |       |      0 |        0.66s |
| ✅ REPOSITORY | dustilock  | project       |   n/a |       |      0 |        0.01s |
| ✅ REPOSITORY | gitleaks   | project       |   n/a |       |      0 |        0.18s |
| ✅ REPOSITORY | git_diff   | project       |   n/a |       |      0 |         0.0s |
| ✅ REPOSITORY | secretlint | project       |   n/a |       |      0 |        0.74s |
| ✅ REPOSITORY | syft       | project       |   n/a |       |      0 |        0.48s |
| ✅ XML        | xmllint    | list_of_files |     1 |     0 |      0 |        0.02s |
| ✅ YAML       | prettier   | list_of_files |     1 |     1 |      0 |        0.54s |
| ✅ YAML       | v8r        | list_of_files |     1 |       |      0 |        1.92s |
| ✅ YAML       | yamllint   | list_of_files |     1 |       |      0 |        0.22s |
+---------------+------------+---------------+-------+-------+--------+--------------+

[GitHub Comment Reporter] Posted summary as comment on dwaned/max-profit-calculator #PR6
[Updated Sources Reporter] copied 4 fixed source files in folder /github/workspace/megalinter-reports/updated_sources.
Download it from artifacts then copy-paste it in your local repo to apply linters updates
[32m✅ Successfully linted all files without errors[0m
